<?xml version="1.0" encoding="UTF-8"?>
<!-- Generated by org.testng.reporters.JUnitReportReporter -->
<testsuite skipped="0" hostname="DESKTOP-7MOLBK8" name="com.credible.testCases.StudentLoanProfile" tests="6" failures="0" timestamp="10 Apr 2020 02:15:12 GMT" time="130.589" errors="0">
  <testcase name="setFirstnameLastnameSuffix" time="21.535" classname="com.credible.testCases.StudentLoanProfile"/>
  <testcase name="setDateOfBirth" time="21.251" classname="com.credible.testCases.StudentLoanProfile"/>
  <testcase name="setPrimaryPhoneNumber" time="21.267" classname="com.credible.testCases.StudentLoanProfile"/>
  <testcase name="setPermanentAddress" time="23.212" classname="com.credible.testCases.StudentLoanProfile"/>
  <testcase name="setEmailAddress" time="21.919" classname="com.credible.testCases.StudentLoanProfile"/>
  <testcase name="setPassword" time="21.405" classname="com.credible.testCases.StudentLoanProfile"/>
</testsuite> <!-- com.credible.testCases.StudentLoanProfile -->
