<?xml version="1.0" encoding="UTF-8"?>
<!-- Generated by org.testng.reporters.JUnitReportReporter -->
<testsuite skipped="0" hostname="DESKTOP-7MOLBK8" name="com.credible.testCases.StudentLoanFinancial" tests="5" failures="0" timestamp="10 Apr 2020 02:15:12 GMT" time="106.032" errors="0">
  <testcase name="setEmploymentIncome" time="21.254" classname="com.credible.testCases.StudentLoanFinancial"/>
  <testcase name="setOtherIndividualIncome" time="21.167" classname="com.credible.testCases.StudentLoanFinancial"/>
  <testcase name="setIncomeFromOtherHouseholdMembers" time="21.215" classname="com.credible.testCases.StudentLoanFinancial"/>
  <testcase name="setMonthlyHousingPayment" time="21.236" classname="com.credible.testCases.StudentLoanFinancial"/>
  <testcase name="clickContinue" time="21.160" classname="com.credible.testCases.StudentLoanFinancial"/>
</testsuite> <!-- com.credible.testCases.StudentLoanFinancial -->
