<?xml version="1.0" encoding="UTF-8"?>
<!-- Generated by org.testng.reporters.JUnitReportReporter -->
<testsuite skipped="0" hostname="DESKTOP-7MOLBK8" name="com.credible.testCases.StudentLoanTest" tests="12" failures="0" timestamp="09 Apr 2020 19:35:40 GMT" time="84.887" errors="0">
  <testcase name="clickStudentLoan" time="5.135" classname="com.credible.testCases.StudentLoanTest"/>
  <testcase name="clickBtnIamStudent" time="8.939" classname="com.credible.testCases.StudentLoanTest"/>
  <testcase name="clickRadioBtnNoOne" time="5.091" classname="com.credible.testCases.StudentLoanTest"/>
  <testcase name="clickRadioBtnNoTwo" time="5.103" classname="com.credible.testCases.StudentLoanTest"/>
  <testcase name="inputDataSchool" time="9.443" classname="com.credible.testCases.StudentLoanTest"/>
  <testcase name="clickSelectDegreeType" time="8.053" classname="com.credible.testCases.StudentLoanTest"/>
  <testcase name="clickSelectDegreeTypeBachelor" time="5.036" classname="com.credible.testCases.StudentLoanTest"/>
  <testcase name="clickCurrentYearOfStudySelect" time="8.608" classname="com.credible.testCases.StudentLoanTest"/>
  <testcase name="clickSelectCurrentYearOfStudy" time="5.034" classname="com.credible.testCases.StudentLoanTest"/>
  <testcase name="clickExpectedGraduationCompletionDate" time="8.140" classname="com.credible.testCases.StudentLoanTest"/>
  <testcase name="setAcademicPeriodOfLoan" time="8.112" classname="com.credible.testCases.StudentLoanTest"/>
  <testcase name="setRequestedLoanAmount" time="8.193" classname="com.credible.testCases.StudentLoanTest"/>
</testsuite> <!-- com.credible.testCases.StudentLoanTest -->
