<?xml version="1.0" encoding="UTF-8"?>
<!-- Generated by org.testng.reporters.JUnitReportReporter -->
<testsuite skipped="0" hostname="DESKTOP-7MOLBK8" name="com.credible.testCases.StudentLoanEducation" tests="13" failures="0" timestamp="10 Apr 2020 02:15:12 GMT" time="282.189" errors="0">
  <testcase name="clickStudentLoan" time="21.229" classname="com.credible.testCases.StudentLoanEducation"/>
  <testcase name="clickBtnIamStudent" time="25.370" classname="com.credible.testCases.StudentLoanEducation"/>
  <testcase name="clickRadioBtnNoOne" time="21.216" classname="com.credible.testCases.StudentLoanEducation"/>
  <testcase name="clickRadioBtnNoTwo" time="21.311" classname="com.credible.testCases.StudentLoanEducation"/>
  <testcase name="inputDataSchool" time="23.586" classname="com.credible.testCases.StudentLoanEducation"/>
  <testcase name="clickSelectDegreeType" time="21.159" classname="com.credible.testCases.StudentLoanEducation"/>
  <testcase name="clickSelectDegreeTypeBachelor" time="21.164" classname="com.credible.testCases.StudentLoanEducation"/>
  <testcase name="clickCurrentYearOfStudySelect" time="21.172" classname="com.credible.testCases.StudentLoanEducation"/>
  <testcase name="clickSelectCurrentYearOfStudy" time="21.116" classname="com.credible.testCases.StudentLoanEducation"/>
  <testcase name="clickExpectedGraduationCompletionDate" time="21.251" classname="com.credible.testCases.StudentLoanEducation"/>
  <testcase name="setAcademicPeriodOfLoan" time="21.182" classname="com.credible.testCases.StudentLoanEducation"/>
  <testcase name="setRequestedLoanAmount" time="21.353" classname="com.credible.testCases.StudentLoanEducation"/>
  <testcase name="clickContinue" time="21.080" classname="com.credible.testCases.StudentLoanEducation"/>
</testsuite> <!-- com.credible.testCases.StudentLoanEducation -->
